  test.cpp
D:\code\stl\STL\vector.h(209,1): error C2440: “初始化”: 无法从“int”转换为“int *”
D:\code\stl\STL\vector.h(209,23): message : 从整型强制转换为指针类型要求 reinterpret_cast、C 样式强制转换或函数样式强制转换
D:\code\stl\STL\vector.h(192): message : 在编译 类 模板 成员函数“void My_STL::vector<int,My_STL::allocator<T>>::insert_aux(int *,const T &)”时
          with
          [
              T=int
          ]
D:\code\stl\STL\vector.h(137): message : 查看对正在编译的函数 模板 实例化“void My_STL::vector<int,My_STL::allocator<T>>::insert_aux(int *,const T &)”的引用
          with
          [
              T=int
          ]
D:\code\stl\STL\test.cpp(34): message : 查看对正在编译的 类 模板 实例化“My_STL::vector<int,My_STL::allocator<T>>”的引用
          with
          [
              T=int
          ]
D:\code\stl\STL\construct.h(31,2): error C3861: “__destroy”: 找不到标识符
D:\code\stl\STL\construct.h(31,2): message : “__destroy”: 函数未在模板定义上下文中声明，只能通过实例化上下文中参数相关的查找找到
D:\code\stl\STL\vector.h(122): message : 查看对正在编译的函数 模板 实例化“void My_STL::destroy<int*>(ForwardIterator,ForwardIterator)”的引用
          with
          [
              ForwardIterator=int *
          ]
D:\code\stl\STL\vector.h(121): message : 在编译 类 模板 成员函数“My_STL::vector<int,My_STL::allocator<T>>::~vector(void)”时
          with
          [
              T=int
          ]
D:\code\stl\STL\test.cpp(34): message : 查看对正在编译的函数 模板 实例化“My_STL::vector<int,My_STL::allocator<T>>::~vector(void)”的引用
          with
          [
              T=int
          ]
